<html>
<body>
<pre>
<h1>Vision2 Build Log</h1>
<h2>Project:</h2>
E:\项目\单片机\03_中断程序\例程2\serial_interrupt.uv2
Project File Date:  08/21/2018

<h2>Output:</h2>
Build target 'Target 1'
assembling STARTUP.A51...
compiling main.c...
MAIN.C(7): error C160: 'LED_CODE': void invalid
MAIN.C(11): error C141: syntax error near ';'
MAIN.C(13): error C202: 'i': undefined identifier
MAIN.C(14): error C202: 'T': undefined identifier
MAIN.C(16): error C202: 'i': undefined identifier
MAIN.C(21): error C141: syntax error near ';'
MAIN.C(41): error C202: 'KEY': undefined identifier
MAIN.C(43): error C202: 'key': undefined identifier
Target not created
Build target 'Target 1'
assembling STARTUP.A51...
compiling main.c...
MAIN.C(8): error C160: 'LED_CODE': void invalid
MAIN.C(12): error C141: syntax error near ';'
MAIN.C(14): error C202: 'i': undefined identifier
MAIN.C(15): error C202: 'T': undefined identifier
MAIN.C(17): error C202: 'i': undefined identifier
MAIN.C(22): error C141: syntax error near ';'
MAIN.C(42): error C202: 'KEY': undefined identifier
Target not created
Build target 'Target 1'
assembling STARTUP.A51...
compiling main.c...
MAIN.C(8): error C160: 'LED_CODE': void invalid
MAIN.C(12): error C141: syntax error near ';'
MAIN.C(14): error C202: 'i': undefined identifier
MAIN.C(15): error C202: 'T': undefined identifier
MAIN.C(17): error C202: 'i': undefined identifier
MAIN.C(22): error C141: syntax error near ';'
MAIN.C(44): error C202: 'key': undefined identifier
Target not created
Build target 'Target 1'
assembling STARTUP.A51...
compiling main.c...
MAIN.C(8): error C160: 'LED_CODE': void invalid
MAIN.C(12): error C141: syntax error near ';'
MAIN.C(14): error C202: 'i': undefined identifier
MAIN.C(15): error C202: 'T': undefined identifier
MAIN.C(17): error C202: 'i': undefined identifier
MAIN.C(22): error C141: syntax error near ';'
Target not created
Build target 'Target 1'
assembling STARTUP.A51...
compiling main.c...
MAIN.C(8): error C160: 'LED_CODE': void invalid
MAIN.C(12): error C141: syntax error near ';'
MAIN.C(14): error C202: 'i': undefined identifier
MAIN.C(15): error C202: 'T': undefined identifier
MAIN.C(17): error C202: 'i': undefined identifier
MAIN.C(22): error C141: syntax error near ';'
Target not created
Build target 'Target 1'
assembling STARTUP.A51...
compiling main.c...
MAIN.C(12): error C141: syntax error near ';'
MAIN.C(14): error C202: 'i': undefined identifier
MAIN.C(15): error C202: 'T': undefined identifier
MAIN.C(17): error C202: 'i': undefined identifier
MAIN.C(22): error C141: syntax error near ';'
Target not created
Build target 'Target 1'
assembling STARTUP.A51...
compiling main.c...
MAIN.C(5): error C141: syntax error near ';'
MAIN.C(6): error C141: syntax error near ';'
MAIN.C(14): error C141: syntax error near ';'
MAIN.C(16): error C202: 'i': undefined identifier
MAIN.C(17): error C202: 'T': undefined identifier
MAIN.C(19): error C202: 'i': undefined identifier
MAIN.C(24): error C141: syntax error near ';'
Target not created
Build target 'Target 1'
assembling STARTUP.A51...
compiling main.c...
MAIN.C(5): error C141: syntax error near ';'
MAIN.C(6): error C141: syntax error near ';'
MAIN.C(14): error C141: syntax error near ';'
MAIN.C(16): error C202: 'i': undefined identifier
MAIN.C(17): error C202: 'T': undefined identifier
MAIN.C(19): error C202: 'i': undefined identifier
MAIN.C(24): error C141: syntax error near ';'
MAIN.C(25): error C231: 'LED_Display': redefinition
MAIN.C(27): error C231: 'LED_Display': redefinition
Target not created
Build target 'Target 1'
assembling STARTUP.A51...
compiling main.c...
MAIN.C(5): error C141: syntax error near ';'
MAIN.C(6): error C141: syntax error near ';'
MAIN.C(14): error C141: syntax error near ';'
MAIN.C(16): error C202: 'i': undefined identifier
MAIN.C(17): error C202: 'T': undefined identifier
MAIN.C(19): error C202: 'i': undefined identifier
MAIN.C(24): error C141: syntax error near ';'
Target not created
Build target 'Target 1'
assembling STARTUP.A51...
compiling main.c...
MAIN.C(5): error C141: syntax error near ';'
MAIN.C(6): error C141: syntax error near ';'
MAIN.C(14): error C141: syntax error near ';'
MAIN.C(16): error C202: 'i': undefined identifier
MAIN.C(17): error C202: 'T': undefined identifier
MAIN.C(19): error C202: 'i': undefined identifier
MAIN.C(24): error C141: syntax error near ';'
Target not created
Build target 'Target 1'
assembling STARTUP.A51...
compiling main.c...
MAIN.C(5): error C141: syntax error near ';'
MAIN.C(6): error C141: syntax error near ';'
MAIN.C(14): error C141: syntax error near ';'
MAIN.C(16): error C202: 'i': undefined identifier
MAIN.C(17): error C202: 'T': undefined identifier
MAIN.C(19): error C202: 'i': undefined identifier
MAIN.C(24): error C141: syntax error near ';'
Target not created
Build target 'Target 1'
assembling STARTUP.A51...
compiling main.c...
MAIN.C(5): error C141: syntax error near ';'
MAIN.C(6): error C141: syntax error near ';'
MAIN.C(14): error C141: syntax error near ';'
MAIN.C(16): error C202: 'i': undefined identifier
MAIN.C(17): error C202: 'T': undefined identifier
MAIN.C(19): error C202: 'i': undefined identifier
MAIN.C(24): error C141: syntax error near ';'
Target not created
Build target 'Target 1'
assembling STARTUP.A51...
compiling main.c...
MAIN.C(5): error C141: syntax error near ';'
MAIN.C(6): error C141: syntax error near ';'
MAIN.C(15): error C141: syntax error near ';'
MAIN.C(17): error C202: 'i': undefined identifier
MAIN.C(18): error C202: 'T': undefined identifier
MAIN.C(20): error C202: 'i': undefined identifier
MAIN.C(25): error C141: syntax error near ';'
Target not created
Build target 'Target 1'
assembling STARTUP.A51...
compiling main.c...
linking...
*** WARNING L16: UNCALLED SEGMENT, IGNORED FOR OVERLAY PROCESS
    SEGMENT: ?PR?_DELAY_MS?MAIN
*** WARNING L16: UNCALLED SEGMENT, IGNORED FOR OVERLAY PROCESS
    SEGMENT: ?PR?INIT_SERIAL?MAIN
Program Size: data=11.0 xdata=0 code=110
"serial_interrupt" - 0 Error(s), 2 Warning(s).
Build target 'Target 1'
assembling STARTUP.A51...
compiling main.c...
linking...
*** WARNING L16: UNCALLED SEGMENT, IGNORED FOR OVERLAY PROCESS
    SEGMENT: ?PR?INIT_SERIAL?MAIN
Program Size: data=11.0 xdata=0 code=117
"serial_interrupt" - 0 Error(s), 1 Warning(s).
Build target 'Target 1'
assembling STARTUP.A51...
compiling main.c...
linking...
Program Size: data=11.0 xdata=0 code=120
"serial_interrupt" - 0 Error(s), 0 Warning(s).
Build target 'Target 1'
assembling STARTUP.A51...
compiling main.c...
linking...
Program Size: data=11.0 xdata=0 code=120
creating hex file from "serial_interrupt"...
"serial_interrupt" - 0 Error(s), 0 Warning(s).
Build target 'Target 1'
assembling STARTUP.A51...
compiling main.c...
linking...
Program Size: data=11.0 xdata=0 code=123
creating hex file from "serial_interrupt"...
"serial_interrupt" - 0 Error(s), 0 Warning(s).
Build target 'Target 1'
assembling STARTUP.A51...
compiling main.c...
linking...
Program Size: data=11.0 xdata=0 code=127
creating hex file from "serial_interrupt"...
"serial_interrupt" - 0 Error(s), 0 Warning(s).
Build target 'Target 1'
assembling STARTUP.A51...
compiling main.c...
linking...
Program Size: data=11.0 xdata=0 code=124
creating hex file from "serial_interrupt"...
"serial_interrupt" - 0 Error(s), 0 Warning(s).
Build target 'Target 1'
assembling STARTUP.A51...
compiling main.c...
MAIN.C(11): error C247: non-address/-constant initializer
MAIN.C(11): error C141: syntax error near '.0'
MAIN.C(12): error C247: non-address/-constant initializer
MAIN.C(12): error C141: syntax error near '.1'
MAIN.C(13): error C247: non-address/-constant initializer
MAIN.C(13): error C141: syntax error near '.2'
Target not created
Build target 'Target 1'
assembling STARTUP.A51...
compiling main.c...
MAIN.C(11): error C202: 'P1_0': undefined identifier
MAIN.C(12): error C202: 'P1_1': undefined identifier
MAIN.C(13): error C202: 'P1_2': undefined identifier
Target not created
Build target 'Target 1'
assembling STARTUP.A51...
compiling main.c...
MAIN.C(11): error C247: non-address/-constant initializer
MAIN.C(12): error C247: non-address/-constant initializer
MAIN.C(13): error C247: non-address/-constant initializer
Target not created
Build target 'Target 1'
assembling STARTUP.A51...
compiling main.c...
MAIN.C(64): warning C276: constant in condition expression
MAIN.C(67): warning C276: constant in condition expression
linking...
Program Size: data=11.0 xdata=0 code=127
creating hex file from "serial_interrupt"...
"serial_interrupt" - 0 Error(s), 2 Warning(s).
Build target 'Target 1'
assembling STARTUP.A51...
compiling main.c...
linking...
Program Size: data=11.0 xdata=0 code=137
creating hex file from "serial_interrupt"...
"serial_interrupt" - 0 Error(s), 0 Warning(s).
Build target 'Target 1'
assembling STARTUP.A51...
compiling main.c...
linking...
Program Size: data=11.0 xdata=0 code=137
creating hex file from "serial_interrupt"...
"serial_interrupt" - 0 Error(s), 0 Warning(s).
Build target 'Target 1'
assembling STARTUP.A51...
compiling main.c...
linking...
Program Size: data=11.0 xdata=0 code=140
creating hex file from "serial_interrupt"...
"serial_interrupt" - 0 Error(s), 0 Warning(s).
Build target 'Target 1'
assembling STARTUP.A51...
compiling main.c...
linking...
Program Size: data=11.0 xdata=0 code=142
creating hex file from "serial_interrupt"...
"serial_interrupt" - 0 Error(s), 0 Warning(s).
Build target 'Target 1'
assembling STARTUP.A51...
compiling main.c...
linking...
Program Size: data=11.0 xdata=0 code=166
creating hex file from "serial_interrupt"...
"serial_interrupt" - 0 Error(s), 0 Warning(s).
Build target 'Target 1'
assembling STARTUP.A51...
compiling main.c...
linking...
Program Size: data=11.0 xdata=0 code=166
creating hex file from "serial_interrupt"...
"serial_interrupt" - 0 Error(s), 0 Warning(s).
