<html>
<body>
<pre>
<h1>Vision2 Build Log</h1>
<h2>Project:</h2>
E:\项目\单片机\06_DS1302实时时钟\程序1\DS1302.uv2
Project File Date:  09/01/2018

<h2>Output:</h2>
Build target 'Target 1'
assembling STARTUP.A51...
compiling main.c...
MAIN.C(53): error C129: missing ';' before 'T_mon'
main.c(363): error C305: unterminated string/char const
main.c(372): error C305: unterminated string/char const
Target not created
Build target 'Target 1'
assembling STARTUP.A51...
compiling main.c...
MAIN.C(206): error C202: 'DS_SCLK': undefined identifier
MAIN.C(207): error C202: 'DS_SCLK': undefined identifier
MAIN.C(226): error C202: 'IO': undefined identifier
MAIN.C(227): error C202: 'DS_SCLK': undefined identifier
MAIN.C(228): error C202: 'DS_SCLK': undefined identifier
MAIN.C(244): error C202: 'DS_SCLK': undefined identifier
MAIN.C(250): error C202: 'DS_SCLK': undefined identifier
MAIN.C(264): error C202: 'ucahr': undefined identifier
MAIN.C(264): error C141: syntax error near 'dat'
MAIN.C(266): error C202: 'DS_SCKL': undefined identifier
MAIN.C(269): error C202: 'dat': undefined identifier
MAIN.C(272): error C202: 'DS_SCLK': undefined identifier
MAIN.C(273): error C202: 'dat': undefined identifier
MAIN.C(316): error C202: 'T_hou': undefined identifier
MAIN.C(322): error C202: 'T_sec1': undefined identifier
MAIN.C(323): error C202: 'T_sec2': undefined identifier
MAIN.C(328): error C202: 'T_hou1': undefined identifier
MAIN.C(329): error C202: 'T_hou2': undefined identifier
MAIN.C(363): error C101: ''\'': invalid character constant
main.c(363): error C305: unterminated string/char const
MAIN.C(372): error C101: ''\'': invalid character constant
main.c(372): error C305: unterminated string/char const
MAIN.C(381): error C202: 'T_hou2': undefined identifier
MAIN.C(384): error C202: 'T_hou1': undefined identifier
MAIN.C(400): error C202: 'T_sec2': undefined identifier
MAIN.C(403): error C202: 'T_sec1': undefined identifier
Target not created
Build target 'Target 1'
assembling STARTUP.A51...
compiling main.c...
MAIN.C(208): warning C275: expression with possibly no effect
MAIN.C(225): warning C275: expression with possibly no effect
MAIN.C(226): error C202: 'IO': undefined identifier
MAIN.C(264): error C202: 'ucahr': undefined identifier
MAIN.C(264): error C141: syntax error near 'dat'
MAIN.C(266): error C202: 'DS_SCKL': undefined identifier
MAIN.C(269): error C202: 'dat': undefined identifier
MAIN.C(273): error C202: 'dat': undefined identifier
MAIN.C(316): error C202: 'T_hou': undefined identifier
MAIN.C(322): error C202: 'T_sec1': undefined identifier
MAIN.C(323): error C202: 'T_sec2': undefined identifier
MAIN.C(328): error C202: 'T_hou1': undefined identifier
MAIN.C(329): error C202: 'T_hou2': undefined identifier
MAIN.C(363): error C101: ''\'': invalid character constant
main.c(363): error C305: unterminated string/char const
MAIN.C(372): error C101: ''\'': invalid character constant
main.c(372): error C305: unterminated string/char const
MAIN.C(381): error C202: 'T_hou2': undefined identifier
MAIN.C(384): error C202: 'T_hou1': undefined identifier
MAIN.C(400): error C202: 'T_sec2': undefined identifier
MAIN.C(403): error C202: 'T_sec1': undefined identifier
Target not created
Build target 'Target 1'
assembling STARTUP.A51...
compiling main.c...
MAIN.C(208): warning C275: expression with possibly no effect
MAIN.C(225): warning C275: expression with possibly no effect
MAIN.C(230): error C174: return-expression on void-function
Target not created
Build target 'Target 1'
assembling STARTUP.A51...
compiling main.c...
MAIN.C(208): warning C275: expression with possibly no effect
MAIN.C(225): warning C275: expression with possibly no effect
MAIN.C(230): error C174: return-expression on void-function
Target not created
Build target 'Target 1'
assembling STARTUP.A51...
compiling main.c...
MAIN.C(208): warning C275: expression with possibly no effect
MAIN.C(225): warning C275: expression with possibly no effect
MAIN.C(230): error C174: return-expression on void-function
Target not created
Build target 'Target 1'
assembling STARTUP.A51...
compiling main.c...
MAIN.C(14): error C129: missing ';' before 'DATA'
Target not created
Build target 'Target 1'
assembling STARTUP.A51...
compiling main.c...
MAIN.C(24): error C129: missing ';' before 'DATA'
Target not created
Build target 'Target 1'
assembling STARTUP.A51...
compiling main.c...
MAIN.C(24): error C129: missing ';' before 'DATA'
Target not created
Build target 'Target 1'
assembling STARTUP.A51...
compiling main.c...
MAIN.C(16): error C231: 'ACC': redefinition
Target not created
Build target 'Target 1'
assembling STARTUP.A51...
compiling main.c...
MAIN.C(209): warning C275: expression with possibly no effect
MAIN.C(226): warning C275: expression with possibly no effect
MAIN.C(231): error C174: return-expression on void-function
Target not created
Build target 'Target 1'
assembling STARTUP.A51...
compiling main.c...
MAIN.C(208): warning C275: expression with possibly no effect
MAIN.C(225): warning C275: expression with possibly no effect
MAIN.C(230): error C174: return-expression on void-function
Target not created
Build target 'Target 1'
assembling STARTUP.A51...
compiling main.c...
MAIN.C(208): warning C275: expression with possibly no effect
MAIN.C(225): warning C275: expression with possibly no effect
MAIN.C(230): error C174: return-expression on void-function
Target not created
Build target 'Target 1'
assembling STARTUP.A51...
compiling main.c...
MAIN.C(208): warning C275: expression with possibly no effect
MAIN.C(225): warning C275: expression with possibly no effect
MAIN.C(231): error C174: return-expression on void-function
Target not created
Build target 'Target 1'
assembling STARTUP.A51...
compiling main.c...
MAIN.C(208): warning C275: expression with possibly no effect
MAIN.C(225): warning C275: expression with possibly no effect
MAIN.C(220): warning C280: 'cd': unreferenced local variable
MAIN.C(270): warning C209: '_DS1302_read_byte': too few actual parameters
MAIN.C(317): error C202: 'T_hou': undefined identifier
MAIN.C(323): error C202: 'T_sec1': undefined identifier
MAIN.C(324): error C202: 'T_sec2': undefined identifier
MAIN.C(329): error C202: 'T_hou1': undefined identifier
MAIN.C(330): error C202: 'T_hou2': undefined identifier
MAIN.C(382): error C202: 'T_hou2': undefined identifier
MAIN.C(385): error C202: 'T_hou1': undefined identifier
MAIN.C(401): error C202: 'T_sec2': undefined identifier
MAIN.C(404): error C202: 'T_sec1': undefined identifier
Target not created
Build target 'Target 1'
assembling STARTUP.A51...
compiling main.c...
MAIN.C(208): warning C275: expression with possibly no effect
MAIN.C(225): warning C275: expression with possibly no effect
MAIN.C(220): warning C280: 'cd': unreferenced local variable
MAIN.C(269): warning C209: '_DS1302_read_byte': too few actual parameters
MAIN.C(316): error C202: 'T_hou': undefined identifier
MAIN.C(322): error C202: 'T_sec1': undefined identifier
MAIN.C(323): error C202: 'T_sec2': undefined identifier
MAIN.C(328): error C202: 'T_hou1': undefined identifier
MAIN.C(329): error C202: 'T_hou2': undefined identifier
MAIN.C(381): error C202: 'T_hou2': undefined identifier
MAIN.C(384): error C202: 'T_hou1': undefined identifier
MAIN.C(400): error C202: 'T_sec2': undefined identifier
MAIN.C(403): error C202: 'T_sec1': undefined identifier
Target not created
Build target 'Target 1'
assembling STARTUP.A51...
compiling main.c...
MAIN.C(208): warning C275: expression with possibly no effect
MAIN.C(225): warning C275: expression with possibly no effect
MAIN.C(220): warning C280: 'cd': unreferenced local variable
MAIN.C(269): warning C209: '_DS1302_read_byte': too few actual parameters
MAIN.C(316): error C202: 'T_hou': undefined identifier
MAIN.C(328): error C202: 'T_hou': undefined identifier
MAIN.C(329): error C202: 'T_hou': undefined identifier
Target not created
Build target 'Target 1'
assembling STARTUP.A51...
compiling main.c...
MAIN.C(208): warning C275: expression with possibly no effect
MAIN.C(225): warning C275: expression with possibly no effect
MAIN.C(220): warning C280: 'cd': unreferenced local variable
MAIN.C(269): warning C209: '_DS1302_read_byte': too few actual parameters
linking...
Program Size: data=36.1 xdata=0 code=769
"DS1302" - 0 Error(s), 4 Warning(s).
Build target 'Target 1'
assembling STARTUP.A51...
compiling main.c...
MAIN.C(208): warning C275: expression with possibly no effect
MAIN.C(225): warning C275: expression with possibly no effect
MAIN.C(220): warning C280: 'cd': unreferenced local variable
MAIN.C(269): warning C209: '_DS1302_read_byte': too few actual parameters
linking...
Program Size: data=36.1 xdata=0 code=769
"DS1302" - 0 Error(s), 4 Warning(s).
Build target 'Target 1'
assembling STARTUP.A51...
compiling main.c...
MAIN.C(208): warning C275: expression with possibly no effect
MAIN.C(225): warning C275: expression with possibly no effect
MAIN.C(220): warning C280: 'cd': unreferenced local variable
MAIN.C(269): warning C209: '_DS1302_read_byte': too few actual parameters
linking...
Program Size: data=36.1 xdata=0 code=769
creating hex file from "DS1302"...
"DS1302" - 0 Error(s), 4 Warning(s).
Build target 'Target 1'
assembling STARTUP.A51...
compiling main.c...
MAIN.C(208): warning C275: expression with possibly no effect
MAIN.C(225): warning C275: expression with possibly no effect
MAIN.C(220): warning C280: 'cd': unreferenced local variable
MAIN.C(269): warning C209: '_DS1302_read_byte': too few actual parameters
MAIN.C(337): error C202: 'T_week1': undefined identifier
MAIN.C(378): error C202: 'week': undefined identifier
Target not created
Build target 'Target 1'
assembling STARTUP.A51...
compiling main.c...
MAIN.C(208): warning C275: expression with possibly no effect
MAIN.C(225): warning C275: expression with possibly no effect
MAIN.C(220): warning C280: 'cd': unreferenced local variable
MAIN.C(269): warning C209: '_DS1302_read_byte': too few actual parameters
MAIN.C(378): error C202: 'week': undefined identifier
Target not created
Build target 'Target 1'
assembling STARTUP.A51...
compiling main.c...
MAIN.C(208): warning C275: expression with possibly no effect
MAIN.C(225): warning C275: expression with possibly no effect
MAIN.C(220): warning C280: 'cd': unreferenced local variable
MAIN.C(269): warning C209: '_DS1302_read_byte': too few actual parameters
linking...
Program Size: data=34.1 xdata=0 code=758
creating hex file from "DS1302"...
"DS1302" - 0 Error(s), 4 Warning(s).
Build target 'Target 1'
assembling STARTUP.A51...
compiling main.c...
MAIN.C(208): warning C275: expression with possibly no effect
MAIN.C(225): warning C275: expression with possibly no effect
MAIN.C(220): warning C280: 'cd': unreferenced local variable
MAIN.C(269): warning C209: '_DS1302_read_byte': too few actual parameters
linking...
Program Size: data=34.1 xdata=0 code=758
creating hex file from "DS1302"...
"DS1302" - 0 Error(s), 4 Warning(s).
Build target 'Target 1'
assembling STARTUP.A51...
compiling main.c...
MAIN.C(208): warning C275: expression with possibly no effect
MAIN.C(225): warning C275: expression with possibly no effect
MAIN.C(220): warning C280: 'cd': unreferenced local variable
MAIN.C(269): warning C209: '_DS1302_read_byte': too few actual parameters
linking...
Program Size: data=34.1 xdata=0 code=758
creating hex file from "DS1302"...
"DS1302" - 0 Error(s), 4 Warning(s).
Build target 'Target 1'
assembling STARTUP.A51...
compiling main.c...
MAIN.C(208): warning C275: expression with possibly no effect
MAIN.C(225): warning C275: expression with possibly no effect
linking...
Program Size: data=34.1 xdata=0 code=756
creating hex file from "DS1302"...
"DS1302" - 0 Error(s), 2 Warning(s).
Build target 'Target 1'
assembling STARTUP.A51...
compiling main.c...
MAIN.C(208): warning C275: expression with possibly no effect
MAIN.C(225): warning C275: expression with possibly no effect
linking...
Program Size: data=34.1 xdata=0 code=756
creating hex file from "DS1302"...
"DS1302" - 0 Error(s), 2 Warning(s).
Build target 'Target 1'
assembling STARTUP.A51...
compiling main.c...
MAIN.C(208): warning C275: expression with possibly no effect
MAIN.C(225): warning C275: expression with possibly no effect
linking...
Program Size: data=34.1 xdata=0 code=756
creating hex file from "DS1302"...
"DS1302" - 0 Error(s), 2 Warning(s).
Build target 'Target 1'
assembling STARTUP.A51...
compiling main.c...
MAIN.C(208): warning C275: expression with possibly no effect
MAIN.C(225): warning C275: expression with possibly no effect
linking...
Program Size: data=34.1 xdata=0 code=756
creating hex file from "DS1302"...
"DS1302" - 0 Error(s), 2 Warning(s).
Build target 'Target 1'
assembling STARTUP.A51...
compiling main.c...
MAIN.C(208): warning C275: expression with possibly no effect
linking...
Program Size: data=34.1 xdata=0 code=758
creating hex file from "DS1302"...
"DS1302" - 0 Error(s), 1 Warning(s).
Build target 'Target 1'
assembling STARTUP.A51...
compiling main.c...
linking...
Program Size: data=34.1 xdata=0 code=760
creating hex file from "DS1302"...
"DS1302" - 0 Error(s), 0 Warning(s).
Build target 'Target 1'
compiling main.c...
linking...
Program Size: data=34.1 xdata=0 code=760
creating hex file from "DS1302"...
"DS1302" - 0 Error(s), 0 Warning(s).
Build target 'Target 1'
assembling STARTUP.A51...
compiling main.c...
linking...
Program Size: data=34.1 xdata=0 code=760
creating hex file from "DS1302"...
"DS1302" - 0 Error(s), 0 Warning(s).
Build target 'Target 1'
assembling STARTUP.A51...
compiling main.c...
linking...
Program Size: data=34.1 xdata=0 code=762
creating hex file from "DS1302"...
"DS1302" - 0 Error(s), 0 Warning(s).
Build target 'Target 1'
assembling STARTUP.A51...
compiling main.c...
linking...
Program Size: data=34.1 xdata=0 code=762
creating hex file from "DS1302"...
"DS1302" - 0 Error(s), 0 Warning(s).
Build target 'Target 1'
assembling STARTUP.A51...
compiling main.c...
linking...
Program Size: data=34.1 xdata=0 code=762
creating hex file from "DS1302"...
"DS1302" - 0 Error(s), 0 Warning(s).
Build target 'Target 1'
assembling STARTUP.A51...
compiling main.c...
linking...
Program Size: data=34.1 xdata=0 code=769
creating hex file from "DS1302"...
"DS1302" - 0 Error(s), 0 Warning(s).
Build target 'Target 1'
assembling STARTUP.A51...
compiling main.c...
linking...
Program Size: data=34.1 xdata=0 code=769
creating hex file from "DS1302"...
"DS1302" - 0 Error(s), 0 Warning(s).
Build target 'Target 1'
assembling STARTUP.A51...
compiling main.c...
linking...
Program Size: data=35.1 xdata=0 code=772
creating hex file from "DS1302"...
"DS1302" - 0 Error(s), 0 Warning(s).
Build target 'Target 1'
assembling STARTUP.A51...
compiling main.c...
linking...
Program Size: data=35.1 xdata=0 code=772
creating hex file from "DS1302"...
"DS1302" - 0 Error(s), 0 Warning(s).
Build target 'Target 1'
assembling STARTUP.A51...
compiling main.c...
linking...
Program Size: data=35.1 xdata=0 code=772
creating hex file from "DS1302"...
"DS1302" - 0 Error(s), 0 Warning(s).
Build target 'Target 1'
assembling STARTUP.A51...
compiling main.c...
linking...
Program Size: data=35.1 xdata=0 code=776
creating hex file from "DS1302"...
"DS1302" - 0 Error(s), 0 Warning(s).
Build target 'Target 1'
assembling STARTUP.A51...
compiling main.c...
linking...
Program Size: data=35.1 xdata=0 code=773
creating hex file from "DS1302"...
"DS1302" - 0 Error(s), 0 Warning(s).
Build target 'Target 1'
assembling STARTUP.A51...
compiling main.c...
linking...
Program Size: data=35.1 xdata=0 code=773
creating hex file from "DS1302"...
"DS1302" - 0 Error(s), 0 Warning(s).
Build target 'Target 1'
assembling STARTUP.A51...
compiling main.c...
MAIN.C(18): error C247: non-address/-constant initializer
Target not created
Build target 'Target 1'
assembling STARTUP.A51...
compiling main.c...
linking...
Program Size: data=35.1 xdata=0 code=774
creating hex file from "DS1302"...
"DS1302" - 0 Error(s), 0 Warning(s).
Build target 'Target 1'
assembling STARTUP.A51...
compiling main.c...
linking...
Program Size: data=35.1 xdata=0 code=773
creating hex file from "DS1302"...
"DS1302" - 0 Error(s), 0 Warning(s).
Build target 'Target 1'
assembling STARTUP.A51...
compiling main.c...
linking...
Program Size: data=35.1 xdata=0 code=773
creating hex file from "DS1302"...
"DS1302" - 0 Error(s), 0 Warning(s).
Build target 'Target 1'
assembling STARTUP.A51...
compiling main.c...
linking...
Program Size: data=35.1 xdata=0 code=773
creating hex file from "DS1302"...
"DS1302" - 0 Error(s), 0 Warning(s).
Build target 'Target 1'
assembling STARTUP.A51...
compiling main.c...
linking...
Program Size: data=35.1 xdata=0 code=773
creating hex file from "DS1302"...
"DS1302" - 0 Error(s), 0 Warning(s).
Build target 'Target 1'
assembling STARTUP.A51...
compiling main.c...
linking...
Program Size: data=35.1 xdata=0 code=773
creating hex file from "DS1302"...
"DS1302" - 0 Error(s), 0 Warning(s).
Build target 'Target 1'
assembling STARTUP.A51...
compiling main.c...
linking...
Program Size: data=35.1 xdata=0 code=766
creating hex file from "DS1302"...
"DS1302" - 0 Error(s), 0 Warning(s).
Build target 'Target 1'
assembling STARTUP.A51...
compiling main.c...
linking...
Program Size: data=35.1 xdata=0 code=765
creating hex file from "DS1302"...
"DS1302" - 0 Error(s), 0 Warning(s).
Build target 'Target 1'
assembling STARTUP.A51...
compiling main.c...
linking...
Program Size: data=35.1 xdata=0 code=765
creating hex file from "DS1302"...
"DS1302" - 0 Error(s), 0 Warning(s).
Build target 'Target 1'
assembling STARTUP.A51...
compiling main.c...
linking...
Program Size: data=35.1 xdata=0 code=776
creating hex file from "DS1302"...
"DS1302" - 0 Error(s), 0 Warning(s).
Build target 'Target 1'
assembling STARTUP.A51...
compiling main.c...
linking...
Program Size: data=35.1 xdata=0 code=776
creating hex file from "DS1302"...
"DS1302" - 0 Error(s), 0 Warning(s).
Build target 'Target 1'
assembling STARTUP.A51...
compiling main.c...
linking...
Program Size: data=35.1 xdata=0 code=789
creating hex file from "DS1302"...
"DS1302" - 0 Error(s), 0 Warning(s).
Build target 'Target 1'
assembling STARTUP.A51...
compiling main.c...
linking...
Program Size: data=35.1 xdata=0 code=789
creating hex file from "DS1302"...
"DS1302" - 0 Error(s), 0 Warning(s).
Build target 'Target 1'
assembling STARTUP.A51...
compiling main.c...
linking...
Program Size: data=35.1 xdata=0 code=789
creating hex file from "DS1302"...
"DS1302" - 0 Error(s), 0 Warning(s).
Build target 'Target 1'
assembling STARTUP.A51...
compiling main.c...
linking...
Program Size: data=35.1 xdata=0 code=789
creating hex file from "DS1302"...
"DS1302" - 0 Error(s), 0 Warning(s).
Build target 'Target 1'
assembling STARTUP.A51...
compiling main.c...
linking...
Program Size: data=35.1 xdata=0 code=789
creating hex file from "DS1302"...
"DS1302" - 0 Error(s), 0 Warning(s).
Build target 'Target 1'
assembling STARTUP.A51...
compiling main.c...
linking...
Program Size: data=35.1 xdata=0 code=789
creating hex file from "DS1302"...
"DS1302" - 0 Error(s), 0 Warning(s).
Build target 'Target 1'
assembling STARTUP.A51...
compiling main.c...
linking...
Program Size: data=35.1 xdata=0 code=793
creating hex file from "DS1302"...
"DS1302" - 0 Error(s), 0 Warning(s).
Build target 'Target 1'
assembling STARTUP.A51...
compiling main.c...
linking...
Program Size: data=35.1 xdata=0 code=789
creating hex file from "DS1302"...
"DS1302" - 0 Error(s), 0 Warning(s).
Build target 'Target 1'
assembling STARTUP.A51...
compiling main.c...
linking...
Program Size: data=35.1 xdata=0 code=789
creating hex file from "DS1302"...
"DS1302" - 0 Error(s), 0 Warning(s).
Build target 'Target 1'
assembling STARTUP.A51...
compiling main.c...
linking...
Program Size: data=35.1 xdata=0 code=789
creating hex file from "DS1302"...
"DS1302" - 0 Error(s), 0 Warning(s).
Build target 'Target 1'
assembling STARTUP.A51...
compiling main.c...
linking...
Program Size: data=35.1 xdata=0 code=789
creating hex file from "DS1302"...
"DS1302" - 0 Error(s), 0 Warning(s).
Build target 'Target 1'
assembling STARTUP.A51...
compiling main.c...
linking...
Program Size: data=35.1 xdata=0 code=789
creating hex file from "DS1302"...
"DS1302" - 0 Error(s), 0 Warning(s).
Build target 'Target 1'
assembling STARTUP.A51...
compiling main.c...
linking...
Program Size: data=35.1 xdata=0 code=789
creating hex file from "DS1302"...
"DS1302" - 0 Error(s), 0 Warning(s).
Build target 'Target 1'
assembling STARTUP.A51...
compiling main.c...
linking...
Program Size: data=35.1 xdata=0 code=789
creating hex file from "DS1302"...
"DS1302" - 0 Error(s), 0 Warning(s).
Build target 'Target 1'
assembling STARTUP.A51...
compiling main.c...
linking...
Program Size: data=35.1 xdata=0 code=790
creating hex file from "DS1302"...
"DS1302" - 0 Error(s), 0 Warning(s).
Build target 'Target 1'
assembling STARTUP.A51...
compiling main.c...
linking...
Program Size: data=35.1 xdata=0 code=790
creating hex file from "DS1302"...
"DS1302" - 0 Error(s), 0 Warning(s).
Build target 'Target 1'
assembling STARTUP.A51...
compiling main.c...
MAIN.C(361): error C202: 'LCD_CODE': undefined identifier
MAIN.C(364): error C202: 'LCD_CODE': undefined identifier
MAIN.C(370): error C202: 'LCD_CODE': undefined identifier
MAIN.C(373): error C202: 'LCD_CODE': undefined identifier
MAIN.C(379): error C202: 'LCD_CODE': undefined identifier
MAIN.C(382): error C202: 'LCD_CODE': undefined identifier
MAIN.C(386): error C202: 'LCD_CODE': undefined identifier
MAIN.C(389): error C202: 'LCD_CODE': undefined identifier
MAIN.C(392): error C202: 'LCD_CODE': undefined identifier
MAIN.C(398): error C202: 'LCD_CODE': undefined identifier
MAIN.C(401): error C202: 'LCD_CODE': undefined identifier
MAIN.C(408): error C202: 'LCD_CODE': undefined identifier
MAIN.C(411): error C202: 'LCD_CODE': undefined identifier
Target not created
Build target 'Target 1'
assembling STARTUP.A51...
compiling main.c...
linking...
Program Size: data=35.1 xdata=0 code=791
creating hex file from "DS1302"...
"DS1302" - 0 Error(s), 0 Warning(s).
Build target 'Target 1'
assembling STARTUP.A51...
compiling main.c...
linking...
Program Size: data=35.1 xdata=0 code=790
creating hex file from "DS1302"...
"DS1302" - 0 Error(s), 0 Warning(s).
Build target 'Target 1'
assembling STARTUP.A51...
compiling main.c...
linking...
Program Size: data=32.1 xdata=0 code=764
creating hex file from "DS1302"...
"DS1302" - 0 Error(s), 0 Warning(s).
Build target 'Target 1'
assembling STARTUP.A51...
compiling main.c...
linking...
Program Size: data=35.1 xdata=0 code=790
creating hex file from "DS1302"...
"DS1302" - 0 Error(s), 0 Warning(s).
Build target 'Target 1'
assembling STARTUP.A51...
compiling main.c...
linking...
Program Size: data=35.1 xdata=0 code=807
creating hex file from "DS1302"...
"DS1302" - 0 Error(s), 0 Warning(s).
Build target 'Target 1'
assembling STARTUP.A51...
compiling main.c...
linking...
Program Size: data=35.1 xdata=0 code=796
creating hex file from "DS1302"...
"DS1302" - 0 Error(s), 0 Warning(s).
Build target 'Target 1'
assembling STARTUP.A51...
compiling main.c...
linking...
Program Size: data=35.1 xdata=0 code=790
creating hex file from "DS1302"...
"DS1302" - 0 Error(s), 0 Warning(s).
Build target 'Target 1'
assembling STARTUP.A51...
compiling main.c...
linking...
Program Size: data=35.1 xdata=0 code=790
creating hex file from "DS1302"...
"DS1302" - 0 Error(s), 0 Warning(s).
Build target 'Target 1'
assembling STARTUP.A51...
compiling main.c...
linking...
Program Size: data=35.1 xdata=0 code=790
creating hex file from "DS1302"...
"DS1302" - 0 Error(s), 0 Warning(s).
Build target 'Target 1'
assembling STARTUP.A51...
compiling main.c...
linking...
*** WARNING L16: UNCALLED SEGMENT, IGNORED FOR OVERLAY PROCESS
    SEGMENT: ?PR?INIT_DS1302?MAIN
Program Size: data=35.1 xdata=0 code=787
creating hex file from "DS1302"...
"DS1302" - 0 Error(s), 1 Warning(s).
Build target 'Target 1'
assembling STARTUP.A51...
compiling main.c...
linking...
*** WARNING L16: UNCALLED SEGMENT, IGNORED FOR OVERLAY PROCESS
    SEGMENT: ?PR?INIT_DS1302?MAIN
Program Size: data=35.1 xdata=0 code=787
creating hex file from "DS1302"...
"DS1302" - 0 Error(s), 1 Warning(s).
